d:\gameengine\ramjet_engine\ramjet_core\bin\release\x64\intermediate\vc142.pdb
d:\gameengine\ramjet_engine\ramjet_core\bin\release\x64\intermediate\cinout.obj
d:\gameengine\ramjet_engine\ramjet_core\bin\release\x64\intermediate\string.obj
d:\gameengine\ramjet_engine\ramjet_core\bin\release\x64\intermediate\ramjet_starter.obj
d:\gameengine\ramjet_engine\ramjet_core\bin\release\x64\intermediate\window.obj
d:\gameengine\ramjet_engine\ramjet_core\bin\release\x64\intermediate\glfw_init.obj
d:\gameengine\ramjet_engine\ramjet_core\bin\release\x64\intermediate\control_manager.obj
d:\gameengine\ramjet_engine\ramjet_core\bin\release\x64\intermediate\vector4.obj
d:\gameengine\ramjet_engine\ramjet_core\bin\release\x64\intermediate\vector3.obj
d:\gameengine\ramjet_engine\ramjet_core\bin\release\x64\intermediate\matrix4.obj
d:\gameengine\ramjet_engine\ramjet_core\bin\release\x64\intermediate\vec4.obj
d:\gameengine\ramjet_engine\ramjet_core\bin\release\x64\intermediate\vec3.obj
d:\gameengine\ramjet_engine\ramjet_core\bin\release\x64\intermediate\mat4.obj
d:\gameengine\ramjet_engine\ramjet_core\bin\release\x64\intermediate\vec2.obj
d:\gameengine\ramjet_engine\ramjet_core\bin\release\x64\ramjet_core.exe
d:\gameengine\ramjet_engine\ramjet_core\bin\release\x64\ramjet_core.pdb
d:\gameengine\ramjet_engine\ramjet_core\bin\release\x64\ramjet_core.ipdb
d:\gameengine\ramjet_engine\ramjet_core\bin\release\x64\ramjet_core.iobj
d:\gameengine\ramjet_engine\ramjet_core\bin\release\x64\intermediate\ramjet_core.tlog\cl.command.1.tlog
d:\gameengine\ramjet_engine\ramjet_core\bin\release\x64\intermediate\ramjet_core.tlog\cl.read.1.tlog
d:\gameengine\ramjet_engine\ramjet_core\bin\release\x64\intermediate\ramjet_core.tlog\cl.write.1.tlog
d:\gameengine\ramjet_engine\ramjet_core\bin\release\x64\intermediate\ramjet_core.tlog\link.command.1.tlog
d:\gameengine\ramjet_engine\ramjet_core\bin\release\x64\intermediate\ramjet_core.tlog\link.delete.1.tlog
d:\gameengine\ramjet_engine\ramjet_core\bin\release\x64\intermediate\ramjet_core.tlog\link.read.1.tlog
d:\gameengine\ramjet_engine\ramjet_core\bin\release\x64\intermediate\ramjet_core.tlog\link.write.1.tlog
d:\gameengine\ramjet_engine\ramjet_core\bin\release\x64\intermediate\ramjet_core.tlog\ramjet_core.write.1u.tlog
