C:\Program Files (x86)\Microsoft Visual Studio\2019\Community\MSBuild\Microsoft\VC\v160\Microsoft.CppBuild.targets(437,5): warning MSB8004: Intermediate Directory does not end with a trailing slash.  This build instance will add the slash as it is required to allow proper evaluation of the Intermediate Directory.
  cl : Command line warning D9002 : ignoring unknown option '/arch:SSE2'
  Ramjet_Starter.cpp
D:\GameEngine\Ramjet_Engine\Ramjet_Core\Ramjet_Core\Core\Utils\Maths\maths_func.h(12,19): warning C4244:  'return': conversion from 'double' to 'float', possible loss of data
  Sprite.cpp
D:\GameEngine\Ramjet_Engine\Ramjet_Core\Ramjet_Core\Core\Ramjet_Starter.cpp(46,12): warning C4244:  'argument': conversion from 'time_t' to 'unsigned int', possible loss of data
D:\GameEngine\Ramjet_Engine\Ramjet_Core\Ramjet_Core\Core\Utils\Maths\maths_func.h(12,19): warning C4244:  'return': conversion from 'double' to 'float', possible loss of data
LINK : warning LNK4098: defaultlib 'LIBCMT' conflicts with use of other libs; use /NODEFAULTLIB:library
  Generating code
  2 of 560 functions ( 0.4%) were compiled, the rest were copied from previous compilation.
    0 functions were new in current compilation
    0 functions had inline decision re-evaluated but remain unchanged
  Finished generating code
glew32s.lib(glew.obj) : warning LNK4099: PDB '' was not found with 'glew32s.lib(glew.obj)' or at ''; linking object as if no debug info
  Ramjet_Core.vcxproj -> D:\GameEngine\Ramjet_Engine\Ramjet_Core\bin\Release\x64\Ramjet_Core.exe
  D:\GameEngine\Ramjet_Engine\Ramjet_Core\Ramjet_Core\Assets\Shaders\fragment_shader_test.glsl
  D:\GameEngine\Ramjet_Engine\Ramjet_Core\Ramjet_Core\Assets\Shaders\textFragShader.glsl
  D:\GameEngine\Ramjet_Engine\Ramjet_Core\Ramjet_Core\Assets\Shaders\textVertShader.glsl
  D:\GameEngine\Ramjet_Engine\Ramjet_Core\Ramjet_Core\Assets\Shaders\vertex_shader_test.glsl
  D:\GameEngine\Ramjet_Engine\Ramjet_Core\Ramjet_Core\Assets\Test\747.png
  D:\GameEngine\Ramjet_Engine\Ramjet_Core\Ramjet_Core\Assets\Test\tb.png
  D:\GameEngine\Ramjet_Engine\Ramjet_Core\Ramjet_Core\Assets\Test\tc.png
  D:\GameEngine\Ramjet_Engine\Ramjet_Core\Ramjet_Core\Assets\Test\test.png
  8 File(s) copied
