d:\gameengine\ramjet_engine\ramjet_core\bin\debug\x64\intermediate\gc_thread.obj
d:\gameengine\ramjet_engine\ramjet_core\bin\debug\x64\intermediate\gau.obj
d:\gameengine\ramjet_engine\ramjet_core\bin\debug\x64\intermediate\gc_common.obj
d:\gameengine\ramjet_engine\ramjet_core\bin\debug\x64\intermediate\texture-font.obj
d:\gameengine\ramjet_engine\ramjet_core\bin\debug\x64\intermediate\platform.obj
d:\gameengine\ramjet_engine\ramjet_core\bin\debug\x64\intermediate\ga_stream.obj
d:\gameengine\ramjet_engine\ramjet_core\bin\debug\x64\intermediate\vector.obj
d:\gameengine\ramjet_engine\ramjet_core\bin\debug\x64\intermediate\texture-atlas.obj
d:\gameengine\ramjet_engine\ramjet_core\bin\debug\x64\intermediate\ga.obj
d:\gameengine\ramjet_engine\ramjet_core\bin\debug\x64\intermediate\ga_openal.obj
d:\gameengine\ramjet_engine\ramjet_core\bin\debug\x64\intermediate\behaviour_manager.obj
d:\gameengine\ramjet_engine\ramjet_core\bin\debug\x64\intermediate\indexbuffer.obj
d:\gameengine\ramjet_engine\ramjet_core\bin\debug\x64\intermediate\label.obj
d:\gameengine\ramjet_engine\ramjet_core\bin\debug\x64\intermediate\timer.obj
d:\gameengine\ramjet_engine\ramjet_core\bin\debug\x64\intermediate\font_manager.obj
d:\gameengine\ramjet_engine\ramjet_core\bin\debug\x64\intermediate\fileutils.obj
d:\gameengine\ramjet_engine\ramjet_core\bin\debug\x64\intermediate\layer_manager.obj
d:\gameengine\ramjet_engine\ramjet_core\bin\debug\x64\intermediate\texture_manager.obj
d:\gameengine\ramjet_engine\ramjet_core\bin\debug\x64\intermediate\group.obj
d:\gameengine\ramjet_engine\ramjet_core\bin\debug\x64\intermediate\vec3.obj
d:\gameengine\ramjet_engine\ramjet_core\bin\debug\x64\intermediate\shader_manager.obj
d:\gameengine\ramjet_engine\ramjet_core\bin\debug\x64\intermediate\batch2drenderer.obj
d:\gameengine\ramjet_engine\ramjet_core\bin\debug\x64\intermediate\vec4.obj
d:\gameengine\ramjet_engine\ramjet_core\bin\debug\x64\intermediate\scene_manager.obj
d:\gameengine\ramjet_engine\ramjet_core\bin\debug\x64\intermediate\vertexarray.obj
d:\gameengine\ramjet_engine\ramjet_core\bin\debug\x64\intermediate\sprite.obj
d:\gameengine\ramjet_engine\ramjet_core\bin\debug\x64\intermediate\strategy_manager.obj
d:\gameengine\ramjet_engine\ramjet_core\bin\debug\x64\intermediate\buffer.obj
d:\gameengine\ramjet_engine\ramjet_core\bin\debug\x64\intermediate\layer.obj
d:\gameengine\ramjet_engine\ramjet_core\bin\debug\x64\intermediate\cinout.obj
d:\gameengine\ramjet_engine\ramjet_core\bin\debug\x64\intermediate\sound.obj
d:\gameengine\ramjet_engine\ramjet_core\bin\debug\x64\intermediate\shader.obj
d:\gameengine\ramjet_engine\ramjet_core\bin\debug\x64\intermediate\ai_director.obj
d:\gameengine\ramjet_engine\ramjet_core\bin\debug\x64\intermediate\sound_manager.obj
d:\gameengine\ramjet_engine\ramjet_core\bin\debug\x64\intermediate\mat4.obj
d:\gameengine\ramjet_engine\ramjet_core\bin\debug\x64\intermediate\window.obj
d:\gameengine\ramjet_engine\ramjet_core\bin\debug\x64\intermediate\toplayer.obj
d:\gameengine\ramjet_engine\ramjet_core\bin\debug\x64\intermediate\wave_manager.obj
d:\gameengine\ramjet_engine\ramjet_core\bin\debug\x64\intermediate\ramjet_starter.obj
d:\gameengine\ramjet_engine\ramjet_core\bin\debug\x64\intermediate\string.obj
d:\gameengine\ramjet_engine\ramjet_core\bin\debug\x64\intermediate\ai_manager.obj
d:\gameengine\ramjet_engine\ramjet_core\bin\debug\x64\intermediate\font.obj
d:\gameengine\ramjet_engine\ramjet_core\bin\debug\x64\intermediate\vec2.obj
d:\gameengine\ramjet_engine\ramjet_core\bin\debug\x64\intermediate\control_manager.obj
d:\gameengine\ramjet_engine\ramjet_core\bin\debug\x64\intermediate\texture.obj
d:\gameengine\ramjet_engine\ramjet_core\bin\debug\x64\intermediate\vc142.pdb
d:\gameengine\ramjet_engine\ramjet_core\bin\debug\x64\intermediate\gametest.obj
d:\gameengine\ramjet_engine\ramjet_core\bin\debug\x64\intermediate\vc142.idb
d:\gameengine\ramjet_engine\ramjet_core\bin\debug\x64\ramjet_core.lib
d:\gameengine\ramjet_engine\ramjet_core\bin\debug\x64\ramjet_core.exp
d:\gameengine\ramjet_engine\ramjet_core\bin\debug\x64\ramjet_core.pdb
d:\gameengine\ramjet_engine\ramjet_core\bin\debug\x64\intermediate\ramjet_core.tlog\cl.command.1.tlog
d:\gameengine\ramjet_engine\ramjet_core\bin\debug\x64\intermediate\ramjet_core.tlog\cl.read.1.tlog
d:\gameengine\ramjet_engine\ramjet_core\bin\debug\x64\intermediate\ramjet_core.tlog\cl.write.1.tlog
d:\gameengine\ramjet_engine\ramjet_core\bin\debug\x64\intermediate\ramjet_core.tlog\link.10244.read.1.tlog
d:\gameengine\ramjet_engine\ramjet_core\bin\debug\x64\intermediate\ramjet_core.tlog\link.10244.write.1.tlog
d:\gameengine\ramjet_engine\ramjet_core\bin\debug\x64\intermediate\ramjet_core.tlog\link.10680.delete.1.tlog
d:\gameengine\ramjet_engine\ramjet_core\bin\debug\x64\intermediate\ramjet_core.tlog\link.10848.read.1.tlog
d:\gameengine\ramjet_engine\ramjet_core\bin\debug\x64\intermediate\ramjet_core.tlog\link.10848.write.1.tlog
d:\gameengine\ramjet_engine\ramjet_core\bin\debug\x64\intermediate\ramjet_core.tlog\link.11480.delete.1.tlog
d:\gameengine\ramjet_engine\ramjet_core\bin\debug\x64\intermediate\ramjet_core.tlog\link.12416.delete.1.tlog
d:\gameengine\ramjet_engine\ramjet_core\bin\debug\x64\intermediate\ramjet_core.tlog\link.13024.delete.1.tlog
d:\gameengine\ramjet_engine\ramjet_core\bin\debug\x64\intermediate\ramjet_core.tlog\link.13124.delete.1.tlog
d:\gameengine\ramjet_engine\ramjet_core\bin\debug\x64\intermediate\ramjet_core.tlog\link.13900.delete.1.tlog
d:\gameengine\ramjet_engine\ramjet_core\bin\debug\x64\intermediate\ramjet_core.tlog\link.1392.delete.1.tlog
d:\gameengine\ramjet_engine\ramjet_core\bin\debug\x64\intermediate\ramjet_core.tlog\link.14600.read.1.tlog
d:\gameengine\ramjet_engine\ramjet_core\bin\debug\x64\intermediate\ramjet_core.tlog\link.14600.write.1.tlog
d:\gameengine\ramjet_engine\ramjet_core\bin\debug\x64\intermediate\ramjet_core.tlog\link.14632.delete.1.tlog
d:\gameengine\ramjet_engine\ramjet_core\bin\debug\x64\intermediate\ramjet_core.tlog\link.15028.delete.1.tlog
d:\gameengine\ramjet_engine\ramjet_core\bin\debug\x64\intermediate\ramjet_core.tlog\link.1556.delete.1.tlog
d:\gameengine\ramjet_engine\ramjet_core\bin\debug\x64\intermediate\ramjet_core.tlog\link.15580.delete.1.tlog
d:\gameengine\ramjet_engine\ramjet_core\bin\debug\x64\intermediate\ramjet_core.tlog\link.16216.delete.1.tlog
d:\gameengine\ramjet_engine\ramjet_core\bin\debug\x64\intermediate\ramjet_core.tlog\link.16260.delete.1.tlog
d:\gameengine\ramjet_engine\ramjet_core\bin\debug\x64\intermediate\ramjet_core.tlog\link.16692.delete.1.tlog
d:\gameengine\ramjet_engine\ramjet_core\bin\debug\x64\intermediate\ramjet_core.tlog\link.17520.delete.1.tlog
d:\gameengine\ramjet_engine\ramjet_core\bin\debug\x64\intermediate\ramjet_core.tlog\link.18128.delete.1.tlog
d:\gameengine\ramjet_engine\ramjet_core\bin\debug\x64\intermediate\ramjet_core.tlog\link.18536.delete.1.tlog
d:\gameengine\ramjet_engine\ramjet_core\bin\debug\x64\intermediate\ramjet_core.tlog\link.18608.delete.1.tlog
d:\gameengine\ramjet_engine\ramjet_core\bin\debug\x64\intermediate\ramjet_core.tlog\link.18664.delete.1.tlog
d:\gameengine\ramjet_engine\ramjet_core\bin\debug\x64\intermediate\ramjet_core.tlog\link.18680.delete.1.tlog
d:\gameengine\ramjet_engine\ramjet_core\bin\debug\x64\intermediate\ramjet_core.tlog\link.19392.delete.1.tlog
d:\gameengine\ramjet_engine\ramjet_core\bin\debug\x64\intermediate\ramjet_core.tlog\link.19596.delete.1.tlog
d:\gameengine\ramjet_engine\ramjet_core\bin\debug\x64\intermediate\ramjet_core.tlog\link.20456.delete.1.tlog
d:\gameengine\ramjet_engine\ramjet_core\bin\debug\x64\intermediate\ramjet_core.tlog\link.20488.delete.1.tlog
d:\gameengine\ramjet_engine\ramjet_core\bin\debug\x64\intermediate\ramjet_core.tlog\link.2444.delete.1.tlog
d:\gameengine\ramjet_engine\ramjet_core\bin\debug\x64\intermediate\ramjet_core.tlog\link.2972.read.1.tlog
d:\gameengine\ramjet_engine\ramjet_core\bin\debug\x64\intermediate\ramjet_core.tlog\link.2972.write.1.tlog
d:\gameengine\ramjet_engine\ramjet_core\bin\debug\x64\intermediate\ramjet_core.tlog\link.3412.delete.1.tlog
d:\gameengine\ramjet_engine\ramjet_core\bin\debug\x64\intermediate\ramjet_core.tlog\link.3628.delete.1.tlog
d:\gameengine\ramjet_engine\ramjet_core\bin\debug\x64\intermediate\ramjet_core.tlog\link.6612.delete.1.tlog
d:\gameengine\ramjet_engine\ramjet_core\bin\debug\x64\intermediate\ramjet_core.tlog\link.6668.delete.1.tlog
d:\gameengine\ramjet_engine\ramjet_core\bin\debug\x64\intermediate\ramjet_core.tlog\link.6808.delete.1.tlog
d:\gameengine\ramjet_engine\ramjet_core\bin\debug\x64\intermediate\ramjet_core.tlog\link.9472.delete.1.tlog
d:\gameengine\ramjet_engine\ramjet_core\bin\debug\x64\intermediate\ramjet_core.tlog\link.command.1.tlog
d:\gameengine\ramjet_engine\ramjet_core\bin\debug\x64\intermediate\ramjet_core.tlog\link.read.1.tlog
d:\gameengine\ramjet_engine\ramjet_core\bin\debug\x64\intermediate\ramjet_core.tlog\link.write.1.tlog
d:\gameengine\ramjet_engine\ramjet_core\bin\debug\x64\intermediate\ramjet_core.tlog\ramjet_core.write.1u.tlog
