C:\Program Files (x86)\Microsoft Visual Studio\2019\Community\MSBuild\Microsoft\VC\v160\Microsoft.CppBuild.targets(437,5): warning MSB8004: Intermediate Directory does not end with a trailing slash.  This build instance will add the slash as it is required to allow proper evaluation of the Intermediate Directory.
  Application.cpp
  Win64Application.cpp
  Win64Log.cpp
  Sound.cpp
  InitWindow.cpp
  Window.cpp
  Control_Manager.cpp
  Font_Manager.cpp
  Mesh_Manager.cpp
  Shader_Manager.cpp
  Sound_Manager.cpp
  Texture_Manager.cpp
C:\Program Files (x86)\Windows Kits\10\Include\10.0.17763.0\shared\minwindef.h(130,1): warning C4005:  'APIENTRY': macro redefinition (compiling source file Core\Init\Window.cpp)
D:\GameEngine\Ramjet_Engine\Ramjet_Core\Ramjet_Core\Dependencies\Includes\GLFW\glfw3.h(104): message :  see previous definition of 'APIENTRY' (compiling source file Core\Init\Window.cpp)
C:\Program Files (x86)\Windows Kits\10\Include\10.0.17763.0\shared\minwindef.h(130,1): warning C4005:  'APIENTRY': macro redefinition (compiling source file Core\Managers\Control_Manager.cpp)
D:\GameEngine\Ramjet_Engine\Ramjet_Core\Ramjet_Core\Dependencies\Includes\GLFW\glfw3.h(104): message :  see previous definition of 'APIENTRY' (compiling source file Core\Managers\Control_Manager.cpp)
C:\Program Files (x86)\Windows Kits\10\Include\10.0.17763.0\shared\minwindef.h(130,1): warning C4005:  'APIENTRY': macro redefinition (compiling source file Core\Init\InitWindow.cpp)
  Embedded.cpp
  Camera.cpp
D:\GameEngine\Ramjet_Engine\Ramjet_Core\Ramjet_Core\Dependencies\Includes\GLFW\glfw3.h(104): message :  see previous definition of 'APIENTRY' (compiling source file Core\Init\InitWindow.cpp)
D:\GameEngine\Ramjet_Engine\Ramjet_Core\Ramjet_Core\Core\Utils\Maths\maths_func.h(26,15): warning C4244:  'return': conversion from 'double' to 'float', possible loss of data (compiling source file Core\Rendering\Camera\Camera.cpp)
D:\GameEngine\Ramjet_Engine\Ramjet_Core\Ramjet_Core\Core\Utils\Maths\maths_func.h(31,15): warning C4244:  'return': conversion from 'double' to 'float', possible loss of data (compiling source file Core\Rendering\Camera\Camera.cpp)
D:\GameEngine\Ramjet_Engine\Ramjet_Core\Ramjet_Core\Core\Utils\Maths\maths_func.h(36,15): warning C4244:  'return': conversion from 'double' to 'float', possible loss of data (compiling source file Core\Rendering\Camera\Camera.cpp)
D:\GameEngine\Ramjet_Engine\Ramjet_Core\Ramjet_Core\Core\Utils\Maths\maths_func.h(41,16): warning C4244:  'return': conversion from 'double' to 'float', possible loss of data (compiling source file Core\Rendering\Camera\Camera.cpp)
D:\GameEngine\Ramjet_Engine\Ramjet_Core\Ramjet_Core\Core\Utils\Maths\maths_func.h(46,15): warning C4244:  'return': conversion from 'double' to 'float', possible loss of data (compiling source file Core\Rendering\Camera\Camera.cpp)
D:\GameEngine\Ramjet_Engine\Ramjet_Core\Ramjet_Core\Core\Utils\Maths\maths_func.h(51,16): warning C4244:  'return': conversion from 'double' to 'float', possible loss of data (compiling source file Core\Rendering\Camera\Camera.cpp)
D:\GameEngine\Ramjet_Engine\Ramjet_Core\Ramjet_Core\Core\Utils\Maths\maths_func.h(56,16): warning C4244:  'return': conversion from 'double' to 'float', possible loss of data (compiling source file Core\Rendering\Camera\Camera.cpp)
D:\GameEngine\Ramjet_Engine\Ramjet_Core\Ramjet_Core\Core\Utils\Maths\maths_func.h(61,16): warning C4244:  'return': conversion from 'double' to 'float', possible loss of data (compiling source file Core\Rendering\Camera\Camera.cpp)
D:\GameEngine\Ramjet_Engine\Ramjet_Core\Ramjet_Core\Core\Utils\Maths\maths_func.h(66,17): warning C4244:  'return': conversion from 'double' to 'float', possible loss of data (compiling source file Core\Rendering\Camera\Camera.cpp)
D:\GameEngine\Ramjet_Engine\Ramjet_Core\Ramjet_Core\Core\Rendering\Platform\OpenGL\CoreOpenGLRender.inl(197,93): warning C4312:  'type cast': conversion from 'uint' to 'const GLvoid *' of greater size (compiling source file Core\Init\InitWindow.cpp)
D:\GameEngine\Ramjet_Engine\Ramjet_Core\Ramjet_Core\Core\Managers\Control_Manager.cpp(68,19): warning C4244:  '=': conversion from 'double' to 'float', possible loss of data
D:\GameEngine\Ramjet_Engine\Ramjet_Core\Ramjet_Core\Core\Managers\Control_Manager.cpp(69,19): warning C4244:  '=': conversion from 'double' to 'float', possible loss of data
D:\GameEngine\Ramjet_Engine\Ramjet_Core\Ramjet_Core\Core\Rendering\Platform\OpenGL\CoreOpenGLRender.inl(197,93): warning C4312:  'type cast': conversion from 'uint' to 'const GLvoid *' of greater size (compiling source file Core\Managers\Texture_Manager.cpp)
D:\GameEngine\Ramjet_Engine\Ramjet_Core\Ramjet_Core\Core\Rendering\Platform\OpenGL\CoreOpenGLRender.inl(197,93): warning C4312:  'type cast': conversion from 'uint' to 'const GLvoid *' of greater size (compiling source file App\Win\Win64Application.cpp)
D:\GameEngine\Ramjet_Engine\Ramjet_Core\Ramjet_Core\Core\Rendering\Platform\OpenGL\CoreOpenGLRender.inl(197,93): warning C4312:  'type cast': conversion from 'uint' to 'const GLvoid *' of greater size (compiling source file Core\Managers\Mesh_Manager.cpp)
D:\GameEngine\Ramjet_Engine\Ramjet_Core\Ramjet_Core\Core\Rendering\Platform\OpenGL\CoreOpenGLRender.inl(197,93): warning C4312:  'type cast': conversion from 'uint' to 'const GLvoid *' of greater size (compiling source file App\Application.cpp)
D:\GameEngine\Ramjet_Engine\Ramjet_Core\Ramjet_Core\Core\Rendering\Platform\OpenGL\CoreOpenGLRender.inl(197,93): warning C4312:  'type cast': conversion from 'uint' to 'const GLvoid *' of greater size (compiling source file Core\Init\Window.cpp)
D:\GameEngine\Ramjet_Engine\Ramjet_Core\Ramjet_Core\Core\Rendering\Renderer\Renderable2D.h(64,12): warning C4244:  'initializing': conversion from 'float' to 'uint', possible loss of data (compiling source file Core\Managers\Mesh_Manager.cpp)
D:\GameEngine\Ramjet_Engine\Ramjet_Core\Ramjet_Core\Core\Rendering\Renderer\Renderable2D.h(65,12): warning C4244:  'initializing': conversion from 'float' to 'uint', possible loss of data (compiling source file Core\Managers\Mesh_Manager.cpp)
D:\GameEngine\Ramjet_Engine\Ramjet_Core\Ramjet_Core\Core\Rendering\Renderer\Renderable2D.h(66,12): warning C4244:  'initializing': conversion from 'float' to 'uint', possible loss of data (compiling source file Core\Managers\Mesh_Manager.cpp)
D:\GameEngine\Ramjet_Engine\Ramjet_Core\Ramjet_Core\Core\Rendering\Renderer\Renderable2D.h(67,12): warning C4244:  'initializing': conversion from 'float' to 'uint', possible loss of data (compiling source file Core\Managers\Mesh_Manager.cpp)
D:\GameEngine\Ramjet_Engine\Ramjet_Core\Ramjet_Core\Core\Rendering\Renderer\Renderable2D.h(64,12): warning C4244:  'initializing': conversion from 'float' to 'uint', possible loss of data (compiling source file App\Win\Win64Application.cpp)
D:\GameEngine\Ramjet_Engine\Ramjet_Core\Ramjet_Core\Core\Rendering\Renderer\Renderable2D.h(65,12): warning C4244:  'initializing': conversion from 'float' to 'uint', possible loss of data (compiling source file App\Win\Win64Application.cpp)
D:\GameEngine\Ramjet_Engine\Ramjet_Core\Ramjet_Core\Core\Rendering\Renderer\Renderable2D.h(66,12): warning C4244:  'initializing': conversion from 'float' to 'uint', possible loss of data (compiling source file App\Win\Win64Application.cpp)
D:\GameEngine\Ramjet_Engine\Ramjet_Core\Ramjet_Core\Core\Rendering\Renderer\Renderable2D.h(67,12): warning C4244:  'initializing': conversion from 'float' to 'uint', possible loss of data (compiling source file App\Win\Win64Application.cpp)
D:\GameEngine\Ramjet_Engine\Ramjet_Core\Ramjet_Core\Core\Rendering\Renderer\Renderable2D.h(64,12): warning C4244:  'initializing': conversion from 'float' to 'uint', possible loss of data (compiling source file App\Application.cpp)
D:\GameEngine\Ramjet_Engine\Ramjet_Core\Ramjet_Core\Core\Rendering\Renderer\Renderable2D.h(65,12): warning C4244:  'initializing': conversion from 'float' to 'uint', possible loss of data (compiling source file App\Application.cpp)
  FPS_Camera.cpp
D:\GameEngine\Ramjet_Engine\Ramjet_Core\Ramjet_Core\Core\Rendering\Renderer\Renderable2D.h(66,12): warning C4244:  'initializing': conversion from 'float' to 'uint', possible loss of data (compiling source file App\Application.cpp)
D:\GameEngine\Ramjet_Engine\Ramjet_Core\Ramjet_Core\Core\Rendering\Renderer\Renderable2D.h(67,12): warning C4244:  'initializing': conversion from 'float' to 'uint', possible loss of data (compiling source file App\Application.cpp)
D:\GameEngine\Ramjet_Engine\Ramjet_Core\Ramjet_Core\Core\Init\Window.cpp(95,21): warning C4244:  'argument': conversion from 'double' to 'int', possible loss of data
D:\GameEngine\Ramjet_Engine\Ramjet_Core\Ramjet_Core\Core\Init\Window.cpp(138,29): warning C4244:  'argument': conversion from 'double' to 'int', possible loss of data
D:\GameEngine\Ramjet_Engine\Ramjet_Core\Ramjet_Core\Core\Init\Window.cpp(219,19): warning C4244:  '=': conversion from 'double' to 'float', possible loss of data
D:\GameEngine\Ramjet_Engine\Ramjet_Core\Ramjet_Core\Core\Init\Window.cpp(220,19): warning C4244:  '=': conversion from 'double' to 'float', possible loss of data
D:\GameEngine\Ramjet_Engine\Ramjet_Core\Ramjet_Core\Core\Init\Window.cpp(231,18): warning C4244:  'initializing': conversion from 'double' to 'float', possible loss of data
D:\GameEngine\Ramjet_Engine\Ramjet_Core\Ramjet_Core\Core\Utils\Maths\maths_func.h(26,15): warning C4244:  'return': conversion from 'double' to 'float', possible loss of data (compiling source file Core\Rendering\Camera\FPS_Camera.cpp)
D:\GameEngine\Ramjet_Engine\Ramjet_Core\Ramjet_Core\Core\Utils\Maths\maths_func.h(31,15): warning C4244:  'return': conversion from 'double' to 'float', possible loss of data (compiling source file Core\Rendering\Camera\FPS_Camera.cpp)
D:\GameEngine\Ramjet_Engine\Ramjet_Core\Ramjet_Core\Core\Utils\Maths\maths_func.h(36,15): warning C4244:  'return': conversion from 'double' to 'float', possible loss of data (compiling source file Core\Rendering\Camera\FPS_Camera.cpp)
D:\GameEngine\Ramjet_Engine\Ramjet_Core\Ramjet_Core\Core\Utils\Maths\maths_func.h(41,16): warning C4244:  'return': conversion from 'double' to 'float', possible loss of data (compiling source file Core\Rendering\Camera\FPS_Camera.cpp)
D:\GameEngine\Ramjet_Engine\Ramjet_Core\Ramjet_Core\Core\Utils\Maths\maths_func.h(46,15): warning C4244:  'return': conversion from 'double' to 'float', possible loss of data (compiling source file Core\Rendering\Camera\FPS_Camera.cpp)
D:\GameEngine\Ramjet_Engine\Ramjet_Core\Ramjet_Core\Core\Utils\Maths\maths_func.h(51,16): warning C4244:  'return': conversion from 'double' to 'float', possible loss of data (compiling source file Core\Rendering\Camera\FPS_Camera.cpp)
D:\GameEngine\Ramjet_Engine\Ramjet_Core\Ramjet_Core\Core\Utils\Maths\maths_func.h(56,16): warning C4244:  'return': conversion from 'double' to 'float', possible loss of data (compiling source file Core\Rendering\Camera\FPS_Camera.cpp)
D:\GameEngine\Ramjet_Engine\Ramjet_Core\Ramjet_Core\Core\Utils\Maths\maths_func.h(61,16): warning C4244:  'return': conversion from 'double' to 'float', possible loss of data (compiling source file Core\Rendering\Camera\FPS_Camera.cpp)
D:\GameEngine\Ramjet_Engine\Ramjet_Core\Ramjet_Core\Core\Utils\Maths\maths_func.h(66,17): warning C4244:  'return': conversion from 'double' to 'float', possible loss of data (compiling source file Core\Rendering\Camera\FPS_Camera.cpp)
D:\GameEngine\Ramjet_Engine\Ramjet_Core\Ramjet_Core\Core\Utils\Log.h(149,1): warning C4267:  'initializing': conversion from 'size_t' to 'int', possible loss of data (compiling source file Core\Init\InitWindow.cpp)
D:\GameEngine\Ramjet_Engine\Ramjet_Core\Ramjet_Core\Core\Utils\Log.h(163): message :  see reference to function template instantiation 'void Logs::Internal::print_log_internal<_Ty,_Ty>(char *,int &,First &&,_Ty &&)' being compiled
D:\GameEngine\Ramjet_Engine\Ramjet_Core\Ramjet_Core\Core\Utils\Log.h(163): message :         with
D:\GameEngine\Ramjet_Engine\Ramjet_Core\Ramjet_Core\Core\Utils\Log.h(163): message :         [
D:\GameEngine\Ramjet_Engine\Ramjet_Core\Ramjet_Core\Core\Utils\Log.h(163): message :             _Ty=const char *,
D:\GameEngine\Ramjet_Engine\Ramjet_Core\Ramjet_Core\Core\Utils\Log.h(163): message :             First=const char *
D:\GameEngine\Ramjet_Engine\Ramjet_Core\Ramjet_Core\Core\Utils\Log.h(163): message :         ] (compiling source file Core\Init\InitWindow.cpp)
D:\GameEngine\Ramjet_Engine\Ramjet_Core\Ramjet_Core\Core\Init\InitWindow.cpp(22): message :  see reference to function template instantiation 'void Logs::Internal::log_message<const char*,const char*>(int,bool,const char *,const char *)' being compiled
D:\GameEngine\Ramjet_Engine\Ramjet_Core\Ramjet_Core\Core\Utils\Log.h(140,1): warning C4267:  'initializing': conversion from 'size_t' to 'int', possible loss of data (compiling source file Core\Init\InitWindow.cpp)
D:\GameEngine\Ramjet_Engine\Ramjet_Core\Ramjet_Core\Core\Utils\Log.h(154): message :  see reference to function template instantiation 'void Logs::Internal::print_log_internal<_Ty>(char *,int &,First &&)' being compiled
D:\GameEngine\Ramjet_Engine\Ramjet_Core\Ramjet_Core\Core\Utils\Log.h(154): message :         with
D:\GameEngine\Ramjet_Engine\Ramjet_Core\Ramjet_Core\Core\Utils\Log.h(154): message :         [
D:\GameEngine\Ramjet_Engine\Ramjet_Core\Ramjet_Core\Core\Utils\Log.h(154): message :             _Ty=const char *,
D:\GameEngine\Ramjet_Engine\Ramjet_Core\Ramjet_Core\Core\Utils\Log.h(154): message :             First=const char *
D:\GameEngine\Ramjet_Engine\Ramjet_Core\Ramjet_Core\Core\Utils\Log.h(154): message :         ] (compiling source file Core\Init\InitWindow.cpp)
  Component.cpp
D:\GameEngine\Ramjet_Engine\Ramjet_Core\Ramjet_Core\Core\Utils\Log.h(163): message :  see reference to function template instantiation 'void Logs::Internal::print_log_internal<_Ty,_Ty>(char *,int &,First &&,_Ty &&)' being compiled
D:\GameEngine\Ramjet_Engine\Ramjet_Core\Ramjet_Core\Core\Utils\Log.h(163): message :         with
D:\GameEngine\Ramjet_Engine\Ramjet_Core\Ramjet_Core\Core\Utils\Log.h(163): message :         [
D:\GameEngine\Ramjet_Engine\Ramjet_Core\Ramjet_Core\Core\Utils\Log.h(163): message :             _Ty=const char *,
D:\GameEngine\Ramjet_Engine\Ramjet_Core\Ramjet_Core\Core\Utils\Log.h(163): message :             First=const char *
D:\GameEngine\Ramjet_Engine\Ramjet_Core\Ramjet_Core\Core\Utils\Log.h(163): message :         ] (compiling source file Core\Init\InitWindow.cpp)
D:\GameEngine\Ramjet_Engine\Ramjet_Core\Ramjet_Core\Core\Utils\Log.h(149,1): warning C4267:  'initializing': conversion from 'size_t' to 'int', possible loss of data (compiling source file Core\Init\Window.cpp)
D:\GameEngine\Ramjet_Engine\Ramjet_Core\Ramjet_Core\Core\Utils\Log.h(163): message :  see reference to function template instantiation 'void Logs::Internal::print_log_internal<_Ty,_Ty>(char *,int &,First &&,_Ty &&)' being compiled
D:\GameEngine\Ramjet_Engine\Ramjet_Core\Ramjet_Core\Core\Utils\Log.h(163): message :         with
D:\GameEngine\Ramjet_Engine\Ramjet_Core\Ramjet_Core\Core\Utils\Log.h(163): message :         [
D:\GameEngine\Ramjet_Engine\Ramjet_Core\Ramjet_Core\Core\Utils\Log.h(163): message :             _Ty=const char *,
D:\GameEngine\Ramjet_Engine\Ramjet_Core\Ramjet_Core\Core\Utils\Log.h(163): message :             First=const char *
D:\GameEngine\Ramjet_Engine\Ramjet_Core\Ramjet_Core\Core\Utils\Log.h(163): message :         ] (compiling source file Core\Init\Window.cpp)
D:\GameEngine\Ramjet_Engine\Ramjet_Core\Ramjet_Core\Core\Init\Window.cpp(51): message :  see reference to function template instantiation 'void Logs::Internal::log_message<const char*,const char*>(int,bool,const char *,const char *)' being compiled
D:\GameEngine\Ramjet_Engine\Ramjet_Core\Ramjet_Core\Core\Utils\Log.h(140,1): warning C4267:  'initializing': conversion from 'size_t' to 'int', possible loss of data (compiling source file Core\Init\Window.cpp)
D:\GameEngine\Ramjet_Engine\Ramjet_Core\Ramjet_Core\Core\Utils\Log.h(154): message :  see reference to function template instantiation 'void Logs::Internal::print_log_internal<_Ty>(char *,int &,First &&)' being compiled
D:\GameEngine\Ramjet_Engine\Ramjet_Core\Ramjet_Core\Core\Utils\Log.h(154): message :         with
D:\GameEngine\Ramjet_Engine\Ramjet_Core\Ramjet_Core\Core\Utils\Log.h(154): message :         [
D:\GameEngine\Ramjet_Engine\Ramjet_Core\Ramjet_Core\Core\Utils\Log.h(154): message :             _Ty=const char *,
D:\GameEngine\Ramjet_Engine\Ramjet_Core\Ramjet_Core\Core\Utils\Log.h(154): message :             First=const char *
D:\GameEngine\Ramjet_Engine\Ramjet_Core\Ramjet_Core\Core\Utils\Log.h(154): message :         ] (compiling source file Core\Init\Window.cpp)
  MeshComponent.cpp
  ModelComponent.cpp
  TransformComponent.cpp
D:\GameEngine\Ramjet_Engine\Ramjet_Core\Ramjet_Core\Core\Utils\Log.h(163): message :  see reference to function template instantiation 'void Logs::Internal::print_log_internal<_Ty,_Ty>(char *,int &,First &&,_Ty &&)' being compiled
D:\GameEngine\Ramjet_Engine\Ramjet_Core\Ramjet_Core\Core\Utils\Log.h(163): message :         with
D:\GameEngine\Ramjet_Engine\Ramjet_Core\Ramjet_Core\Core\Utils\Log.h(163): message :         [
D:\GameEngine\Ramjet_Engine\Ramjet_Core\Ramjet_Core\Core\Utils\Log.h(163): message :             _Ty=const char *,
D:\GameEngine\Ramjet_Engine\Ramjet_Core\Ramjet_Core\Core\Utils\Log.h(163): message :             First=const char *
D:\GameEngine\Ramjet_Engine\Ramjet_Core\Ramjet_Core\Core\Utils\Log.h(163): message :         ] (compiling source file Core\Init\Window.cpp)
D:\GameEngine\Ramjet_Engine\Ramjet_Core\Ramjet_Core\Core\Utils\Log.h(149,1): warning C4267:  'initializing': conversion from 'size_t' to 'int', possible loss of data (compiling source file Core\Managers\Mesh_Manager.cpp)
D:\GameEngine\Ramjet_Engine\Ramjet_Core\Ramjet_Core\Core\Utils\Log.h(163): message :  see reference to function template instantiation 'void Logs::Internal::print_log_internal<_Ty,_Ty,unsigned int,_Ty,_Ty,_Ty,_Ty,_Ty,int>(char *,int &,First &&,_Ty &&,unsigned int &&,_Ty &&,_Ty &&,_Ty &&,_Ty &&,_Ty &&,int &&)' being compiled
D:\GameEngine\Ramjet_Engine\Ramjet_Core\Ramjet_Core\Core\Utils\Log.h(163): message :         with
D:\GameEngine\Ramjet_Engine\Ramjet_Core\Ramjet_Core\Core\Utils\Log.h(163): message :         [
D:\GameEngine\Ramjet_Engine\Ramjet_Core\Ramjet_Core\Core\Utils\Log.h(163): message :             _Ty=const char *,
D:\GameEngine\Ramjet_Engine\Ramjet_Core\Ramjet_Core\Core\Utils\Log.h(163): message :             First=const char *
D:\GameEngine\Ramjet_Engine\Ramjet_Core\Ramjet_Core\Core\Utils\Log.h(163): message :         ] (compiling source file Core\Managers\Mesh_Manager.cpp)
  Entity.cpp
  Material.cpp
D:\GameEngine\Ramjet_Engine\Ramjet_Core\Ramjet_Core\Core\Core_OpenGL.h(13): message :  see reference to function template instantiation 'void Logs::Internal::log_message<const char*,const char*,GLenum,const char*,const char*,const char*,const char*,const char*,int>(int,bool,const char *,const char *,GLenum,const char *,const char *,const char *,const char *,const char *,int)' being compiled (compiling source file Core\Managers\Mesh_Manager.cpp)
D:\GameEngine\Ramjet_Engine\Ramjet_Core\Ramjet_Core\Core\Utils\Log.h(140,1): warning C4267:  'initializing': conversion from 'size_t' to 'int', possible loss of data (compiling source file Core\Managers\Mesh_Manager.cpp)
D:\GameEngine\Ramjet_Engine\Ramjet_Core\Ramjet_Core\Core\Utils\Log.h(154): message :  see reference to function template instantiation 'void Logs::Internal::print_log_internal<_Ty>(char *,int &,First &&)' being compiled
D:\GameEngine\Ramjet_Engine\Ramjet_Core\Ramjet_Core\Core\Utils\Log.h(154): message :         with
D:\GameEngine\Ramjet_Engine\Ramjet_Core\Ramjet_Core\Core\Utils\Log.h(154): message :         [
D:\GameEngine\Ramjet_Engine\Ramjet_Core\Ramjet_Core\Core\Utils\Log.h(154): message :             _Ty=int,
D:\GameEngine\Ramjet_Engine\Ramjet_Core\Ramjet_Core\Core\Utils\Log.h(154): message :             First=int
D:\GameEngine\Ramjet_Engine\Ramjet_Core\Ramjet_Core\Core\Utils\Log.h(154): message :         ] (compiling source file Core\Managers\Mesh_Manager.cpp)
  CoreRenderAPI.h
  CoreOpenGLBuffer.cpp
  CoreOpenGLError.cpp
  Batch2DRenderer.cpp
D:\GameEngine\Ramjet_Engine\Ramjet_Core\Ramjet_Core\Core\Utils\Log.h(154): message :  see reference to function template instantiation 'void Logs::Internal::print_log_internal<_Ty,int>(char *,int &,First &&,int &&)' being compiled
D:\GameEngine\Ramjet_Engine\Ramjet_Core\Ramjet_Core\Core\Utils\Log.h(154): message :         with
D:\GameEngine\Ramjet_Engine\Ramjet_Core\Ramjet_Core\Core\Utils\Log.h(154): message :         [
D:\GameEngine\Ramjet_Engine\Ramjet_Core\Ramjet_Core\Core\Utils\Log.h(154): message :             _Ty=const char *,
D:\GameEngine\Ramjet_Engine\Ramjet_Core\Ramjet_Core\Core\Utils\Log.h(154): message :             First=const char *
D:\GameEngine\Ramjet_Engine\Ramjet_Core\Ramjet_Core\Core\Utils\Log.h(154): message :         ] (compiling source file Core\Managers\Mesh_Manager.cpp)
C:\Program Files (x86)\Windows Kits\10\Include\10.0.17763.0\shared\minwindef.h(130,1): warning C4005:  'APIENTRY': macro redefinition (compiling source file Core\Rendering\Camera\FPS_Camera.cpp)
  BufferLayout.cpp
  FrameBuffer.cpp
  Font.cpp
D:\GameEngine\Ramjet_Engine\Ramjet_Core\Ramjet_Core\Dependencies\Includes\GLFW\glfw3.h(104): message :  see previous definition of 'APIENTRY' (compiling source file Core\Rendering\Camera\FPS_Camera.cpp)
D:\GameEngine\Ramjet_Engine\Ramjet_Core\Ramjet_Core\Core\Rendering\Platform\OpenGL\CoreOpenGLRender.inl(197,93): warning C4312:  'type cast': conversion from 'uint' to 'const GLvoid *' of greater size (compiling source file Core\Rendering\Camera\FPS_Camera.cpp)
D:\GameEngine\Ramjet_Engine\Ramjet_Core\Ramjet_Core\Core\Rendering\Material\Material.cpp(34,4): warning C4311:  'type cast': pointer truncation from 'const Core::Rendering::Material *' to 'long'
D:\GameEngine\Ramjet_Engine\Ramjet_Core\Ramjet_Core\Core\Rendering\Material\Material.cpp(34,4): warning C4302:  'type cast': truncation from 'const Core::Rendering::Material *' to 'long'
D:\GameEngine\Ramjet_Engine\Ramjet_Core\Ramjet_Core\Core\Rendering\Platform\OpenGL\CoreOpenGLRender.inl(197,93): warning C4312:  'type cast': conversion from 'uint' to 'const GLvoid *' of greater size (compiling source file Core\Rendering\Entity\Component\MeshComponent.cpp)
D:\GameEngine\Ramjet_Engine\Ramjet_Core\Ramjet_Core\Core\Rendering\Platform\OpenGL\CoreOpenGLRender.inl(197,93): warning C4312:  'type cast': conversion from 'uint' to 'const GLvoid *' of greater size (compiling source file Core\Rendering\Entity\Component\ModelComponent.cpp)
  Layer.cpp
D:\GameEngine\Ramjet_Engine\Ramjet_Core\Ramjet_Core\Core\Rendering\Platform\OpenGL\CoreOpenGLRender.inl(197,93): warning C4312:  'type cast': conversion from 'uint' to 'const GLvoid *' of greater size (compiling source file Core\Rendering\Entity\Entity.cpp)
D:\GameEngine\Ramjet_Engine\Ramjet_Core\Ramjet_Core\Core\Utils\Log.h(149,1): warning C4267:  'initializing': conversion from 'size_t' to 'int', possible loss of data (compiling source file Core\Rendering\Material\Material.cpp)
D:\GameEngine\Ramjet_Engine\Ramjet_Core\Ramjet_Core\Core\Utils\Log.h(163): message :  see reference to function template instantiation 'void Logs::Internal::print_log_internal<_Ty,_Ty,long>(char *,int &,First &&,_Ty &&,long &&)' being compiled
D:\GameEngine\Ramjet_Engine\Ramjet_Core\Ramjet_Core\Core\Utils\Log.h(163): message :         with
D:\GameEngine\Ramjet_Engine\Ramjet_Core\Ramjet_Core\Core\Utils\Log.h(163): message :         [
D:\GameEngine\Ramjet_Engine\Ramjet_Core\Ramjet_Core\Core\Utils\Log.h(163): message :             _Ty=const char *,
D:\GameEngine\Ramjet_Engine\Ramjet_Core\Ramjet_Core\Core\Utils\Log.h(163): message :             First=const char *
D:\GameEngine\Ramjet_Engine\Ramjet_Core\Ramjet_Core\Core\Utils\Log.h(163): message :         ] (compiling source file Core\Rendering\Material\Material.cpp)
D:\GameEngine\Ramjet_Engine\Ramjet_Core\Ramjet_Core\Core\Rendering\Material\Material.cpp(34): message :  see reference to function template instantiation 'void Logs::Internal::log_message<const char*,const char*,long>(int,bool,const char *,const char *,long)' being compiled
D:\GameEngine\Ramjet_Engine\Ramjet_Core\Ramjet_Core\Core\Utils\Log.h(140,1): warning C4267:  'initializing': conversion from 'size_t' to 'int', possible loss of data (compiling source file Core\Rendering\Material\Material.cpp)
D:\GameEngine\Ramjet_Engine\Ramjet_Core\Ramjet_Core\Core\Utils\Log.h(154): message :  see reference to function template instantiation 'void Logs::Internal::print_log_internal<_Ty>(char *,int &,First &&)' being compiled
D:\GameEngine\Ramjet_Engine\Ramjet_Core\Ramjet_Core\Core\Utils\Log.h(154): message :         with
D:\GameEngine\Ramjet_Engine\Ramjet_Core\Ramjet_Core\Core\Utils\Log.h(154): message :         [
D:\GameEngine\Ramjet_Engine\Ramjet_Core\Ramjet_Core\Core\Utils\Log.h(154): message :             _Ty=long,
D:\GameEngine\Ramjet_Engine\Ramjet_Core\Ramjet_Core\Core\Utils\Log.h(154): message :             First=long
D:\GameEngine\Ramjet_Engine\Ramjet_Core\Ramjet_Core\Core\Utils\Log.h(154): message :         ] (compiling source file Core\Rendering\Material\Material.cpp)
D:\GameEngine\Ramjet_Engine\Ramjet_Core\Ramjet_Core\Core\Utils\Log.h(154): message :  see reference to function template instantiation 'void Logs::Internal::print_log_internal<_Ty,long>(char *,int &,First &&,long &&)' being compiled
D:\GameEngine\Ramjet_Engine\Ramjet_Core\Ramjet_Core\Core\Utils\Log.h(154): message :         with
D:\GameEngine\Ramjet_Engine\Ramjet_Core\Ramjet_Core\Core\Utils\Log.h(154): message :         [
D:\GameEngine\Ramjet_Engine\Ramjet_Core\Ramjet_Core\Core\Utils\Log.h(154): message :             _Ty=const char *,
D:\GameEngine\Ramjet_Engine\Ramjet_Core\Ramjet_Core\Core\Utils\Log.h(154): message :             First=const char *
D:\GameEngine\Ramjet_Engine\Ramjet_Core\Ramjet_Core\Core\Utils\Log.h(154): message :         ] (compiling source file Core\Rendering\Material\Material.cpp)
D:\GameEngine\Ramjet_Engine\Ramjet_Core\Ramjet_Core\Core\Rendering\Platform\OpenGL\CoreOpenGLRender.inl(197,93): warning C4312:  'type cast': conversion from 'uint' to 'const GLvoid *' of greater size (compiling source file Core\Rendering\Platform\CoreRenderAPI.h)
D:\GameEngine\Ramjet_Engine\Ramjet_Core\Ramjet_Core\Core\Rendering\Platform\OpenGL\CoreOpenGLRender.inl(197,93): warning C4312:  'type cast': conversion from 'uint' to 'const GLvoid *' of greater size (compiling source file Core\Rendering\Platform\OpenGL\CoreOpenGLBuffer.cpp)
  Layer2D.cpp
D:\GameEngine\Ramjet_Engine\Ramjet_Core\Ramjet_Core\Core\Rendering\Platform\OpenGL\CoreOpenGLRender.inl(197,93): warning C4312:  'type cast': conversion from 'uint' to 'const GLvoid *' of greater size (compiling source file Core\Rendering\Renderer\Batch2DRenderer.cpp)
D:\GameEngine\Ramjet_Engine\Ramjet_Core\Ramjet_Core\Core\Rendering\Renderer\Renderable2D.h(64,12): warning C4244:  'initializing': conversion from 'float' to 'uint', possible loss of data (compiling source file Core\Rendering\Renderer\Batch2DRenderer.cpp)
D:\GameEngine\Ramjet_Engine\Ramjet_Core\Ramjet_Core\Core\Rendering\Renderer\Renderable2D.h(65,12): warning C4244:  'initializing': conversion from 'float' to 'uint', possible loss of data (compiling source file Core\Rendering\Renderer\Batch2DRenderer.cpp)
D:\GameEngine\Ramjet_Engine\Ramjet_Core\Ramjet_Core\Core\Rendering\Renderer\Renderable2D.h(66,12): warning C4244:  'initializing': conversion from 'float' to 'uint', possible loss of data (compiling source file Core\Rendering\Renderer\Batch2DRenderer.cpp)
  Layer3D.cpp
D:\GameEngine\Ramjet_Engine\Ramjet_Core\Ramjet_Core\Core\Rendering\Renderer\Renderable2D.h(67,12): warning C4244:  'initializing': conversion from 'float' to 'uint', possible loss of data (compiling source file Core\Rendering\Renderer\Batch2DRenderer.cpp)
D:\GameEngine\Ramjet_Engine\Ramjet_Core\Ramjet_Core\Core\Rendering\Renderer\Batch2DRenderer.cpp(345,105): warning C4244:  'argument': conversion from 'T' to 'float', possible loss of data
D:\GameEngine\Ramjet_Engine\Ramjet_Core\Ramjet_Core\Core\Rendering\Renderer\Batch2DRenderer.cpp(345,105): warning C4244:         with
D:\GameEngine\Ramjet_Engine\Ramjet_Core\Ramjet_Core\Core\Rendering\Renderer\Batch2DRenderer.cpp(345,105): warning C4244:         [
D:\GameEngine\Ramjet_Engine\Ramjet_Core\Ramjet_Core\Core\Rendering\Renderer\Batch2DRenderer.cpp(345,105): warning C4244:             T=unsigned int
D:\GameEngine\Ramjet_Engine\Ramjet_Core\Ramjet_Core\Core\Rendering\Renderer\Batch2DRenderer.cpp(345,105): warning C4244:         ]
D:\GameEngine\Ramjet_Engine\Ramjet_Core\Ramjet_Core\Core\Rendering\Renderer\Batch2DRenderer.cpp(345,89): warning C4244:  'argument': conversion from 'T' to 'float', possible loss of data
D:\GameEngine\Ramjet_Engine\Ramjet_Core\Ramjet_Core\Core\Rendering\Renderer\Batch2DRenderer.cpp(345,89): warning C4244:         with
D:\GameEngine\Ramjet_Engine\Ramjet_Core\Ramjet_Core\Core\Rendering\Renderer\Batch2DRenderer.cpp(345,89): warning C4244:         [
D:\GameEngine\Ramjet_Engine\Ramjet_Core\Ramjet_Core\Core\Rendering\Renderer\Batch2DRenderer.cpp(345,89): warning C4244:             T=unsigned int
D:\GameEngine\Ramjet_Engine\Ramjet_Core\Ramjet_Core\Core\Rendering\Renderer\Batch2DRenderer.cpp(345,89): warning C4244:         ]
D:\GameEngine\Ramjet_Engine\Ramjet_Core\Ramjet_Core\Core\Rendering\Renderer\Batch2DRenderer.cpp(348,78): warning C4244:  'argument': conversion from 'T' to 'float', possible loss of data
D:\GameEngine\Ramjet_Engine\Ramjet_Core\Ramjet_Core\Core\Rendering\Renderer\Batch2DRenderer.cpp(348,78): warning C4244:         with
D:\GameEngine\Ramjet_Engine\Ramjet_Core\Ramjet_Core\Core\Rendering\Renderer\Batch2DRenderer.cpp(348,78): warning C4244:         [
D:\GameEngine\Ramjet_Engine\Ramjet_Core\Ramjet_Core\Core\Rendering\Renderer\Batch2DRenderer.cpp(348,78): warning C4244:             T=unsigned int
D:\GameEngine\Ramjet_Engine\Ramjet_Core\Ramjet_Core\Core\Rendering\Renderer\Batch2DRenderer.cpp(348,78): warning C4244:         ]
  Model.cpp
D:\GameEngine\Ramjet_Engine\Ramjet_Core\Ramjet_Core\Core\Rendering\Renderer\Batch2DRenderer.cpp(348,62): warning C4244:  'argument': conversion from 'T' to 'float', possible loss of data
D:\GameEngine\Ramjet_Engine\Ramjet_Core\Ramjet_Core\Core\Rendering\Renderer\Batch2DRenderer.cpp(348,62): warning C4244:         with
D:\GameEngine\Ramjet_Engine\Ramjet_Core\Ramjet_Core\Core\Rendering\Renderer\Batch2DRenderer.cpp(348,62): warning C4244:         [
D:\GameEngine\Ramjet_Engine\Ramjet_Core\Ramjet_Core\Core\Rendering\Renderer\Batch2DRenderer.cpp(348,62): warning C4244:             T=unsigned int
D:\GameEngine\Ramjet_Engine\Ramjet_Core\Ramjet_Core\Core\Rendering\Renderer\Batch2DRenderer.cpp(348,62): warning C4244:         ]
D:\GameEngine\Ramjet_Engine\Ramjet_Core\Ramjet_Core\Core\Utils\Log.h(149,1): warning C4267:  'initializing': conversion from 'size_t' to 'int', possible loss of data (compiling source file Core\Rendering\Platform\OpenGL\CoreOpenGLError.cpp)
D:\GameEngine\Ramjet_Engine\Ramjet_Core\Ramjet_Core\Core\Utils\Log.h(163): message :  see reference to function template instantiation 'void Logs::Internal::print_log_internal<_Ty,_Ty,unsigned int,_Ty,_Ty,_Ty,_Ty,_Ty,int>(char *,int &,First &&,_Ty &&,unsigned int &&,_Ty &&,_Ty &&,_Ty &&,_Ty &&,_Ty &&,int &&)' being compiled
D:\GameEngine\Ramjet_Engine\Ramjet_Core\Ramjet_Core\Core\Utils\Log.h(163): message :         with
D:\GameEngine\Ramjet_Engine\Ramjet_Core\Ramjet_Core\Core\Utils\Log.h(163): message :         [
D:\GameEngine\Ramjet_Engine\Ramjet_Core\Ramjet_Core\Core\Utils\Log.h(163): message :             _Ty=const char *,
D:\GameEngine\Ramjet_Engine\Ramjet_Core\Ramjet_Core\Core\Utils\Log.h(163): message :             First=const char *
D:\GameEngine\Ramjet_Engine\Ramjet_Core\Ramjet_Core\Core\Utils\Log.h(163): message :         ] (compiling source file Core\Rendering\Platform\OpenGL\CoreOpenGLError.cpp)
D:\GameEngine\Ramjet_Engine\Ramjet_Core\Ramjet_Core\Core\Rendering\Platform\OpenGL\CoreOpenGLError.cpp(15): message :  see reference to function template instantiation 'void Logs::Internal::log_message<const char*,const char*,GLenum,const char*,const char*,const char*,const char*,const char*,int>(int,bool,const char *,const char *,GLenum,const char *,const char *,const char *,const char *,const char *,int)' being compiled
D:\GameEngine\Ramjet_Engine\Ramjet_Core\Ramjet_Core\Core\Utils\Log.h(140,1): warning C4267:  'initializing': conversion from 'size_t' to 'int', possible loss of data (compiling source file Core\Rendering\Platform\OpenGL\CoreOpenGLError.cpp)
D:\GameEngine\Ramjet_Engine\Ramjet_Core\Ramjet_Core\Core\Utils\Log.h(154): message :  see reference to function template instantiation 'void Logs::Internal::print_log_internal<_Ty>(char *,int &,First &&)' being compiled
D:\GameEngine\Ramjet_Engine\Ramjet_Core\Ramjet_Core\Core\Utils\Log.h(154): message :         with
D:\GameEngine\Ramjet_Engine\Ramjet_Core\Ramjet_Core\Core\Utils\Log.h(154): message :         [
D:\GameEngine\Ramjet_Engine\Ramjet_Core\Ramjet_Core\Core\Utils\Log.h(154): message :             _Ty=int,
D:\GameEngine\Ramjet_Engine\Ramjet_Core\Ramjet_Core\Core\Utils\Log.h(154): message :             First=int
D:\GameEngine\Ramjet_Engine\Ramjet_Core\Ramjet_Core\Core\Utils\Log.h(154): message :         ] (compiling source file Core\Rendering\Platform\OpenGL\CoreOpenGLError.cpp)
  PostFX.cpp
  PostFXPass.cpp
  Shader.cpp
  ShaderUniform.cpp
  Texture.cpp
D:\GameEngine\Ramjet_Engine\Ramjet_Core\Ramjet_Core\Core\Utils\Log.h(154): message :  see reference to function template instantiation 'void Logs::Internal::print_log_internal<_Ty,int>(char *,int &,First &&,int &&)' being compiled
D:\GameEngine\Ramjet_Engine\Ramjet_Core\Ramjet_Core\Core\Utils\Log.h(154): message :         with
D:\GameEngine\Ramjet_Engine\Ramjet_Core\Ramjet_Core\Core\Utils\Log.h(154): message :         [
D:\GameEngine\Ramjet_Engine\Ramjet_Core\Ramjet_Core\Core\Utils\Log.h(154): message :             _Ty=const char *,
D:\GameEngine\Ramjet_Engine\Ramjet_Core\Ramjet_Core\Core\Utils\Log.h(154): message :             First=const char *
D:\GameEngine\Ramjet_Engine\Ramjet_Core\Ramjet_Core\Core\Utils\Log.h(154): message :         ] (compiling source file Core\Rendering\Platform\OpenGL\CoreOpenGLError.cpp)
D:\GameEngine\Ramjet_Engine\Ramjet_Core\Ramjet_Core\Core\Rendering\Platform\OpenGL\CoreOpenGLRender.inl(197,93): warning C4312:  'type cast': conversion from 'uint' to 'const GLvoid *' of greater size (compiling source file Core\Rendering\Renderer\Buffers\FrameBuffer.cpp)
C:\Program Files (x86)\Windows Kits\10\Include\10.0.17763.0\shared\minwindef.h(130,1): warning C4005:  'APIENTRY': macro redefinition (compiling source file Core\Rendering\Renderer\Layers\Layer.cpp)
D:\GameEngine\Ramjet_Engine\Ramjet_Core\Ramjet_Core\Dependencies\Includes\GLFW\glfw3.h(104): message :  see previous definition of 'APIENTRY' (compiling source file Core\Rendering\Renderer\Layers\Layer.cpp)
D:\GameEngine\Ramjet_Engine\Ramjet_Core\Ramjet_Core\Core\Rendering\Renderer\Font\Font.cpp(16,4): warning C4244:  '=': conversion from '__int64' to 'unsigned int', possible loss of data
D:\GameEngine\Ramjet_Engine\Ramjet_Core\Ramjet_Core\Core\Rendering\Renderer\Font\Font.cpp(25,4): warning C4244:  '=': conversion from '__int64' to 'unsigned int', possible loss of data
C:\Program Files (x86)\Windows Kits\10\Include\10.0.17763.0\shared\minwindef.h(130,1): warning C4005:  'APIENTRY': macro redefinition (compiling source file Core\Rendering\Renderer\Layers\Layer2D.cpp)
  Scene.cpp
D:\GameEngine\Ramjet_Engine\Ramjet_Core\Ramjet_Core\Dependencies\Includes\GLFW\glfw3.h(104): message :  see previous definition of 'APIENTRY' (compiling source file Core\Rendering\Renderer\Layers\Layer2D.cpp)
C:\Program Files (x86)\Windows Kits\10\Include\10.0.17763.0\shared\minwindef.h(130,1): warning C4005:  'APIENTRY': macro redefinition (compiling source file Core\Rendering\Renderer\Layers\Layer3D.cpp)
  Fileutils.cpp
D:\GameEngine\Ramjet_Engine\Ramjet_Core\Ramjet_Core\Dependencies\Includes\GLFW\glfw3.h(104): message :  see previous definition of 'APIENTRY' (compiling source file Core\Rendering\Renderer\Layers\Layer3D.cpp)
D:\GameEngine\Ramjet_Engine\Ramjet_Core\Ramjet_Core\Core\Utils\Log.h(149,1): warning C4267:  'initializing': conversion from 'size_t' to 'int', possible loss of data (compiling source file Core\Rendering\Renderer\Font\Font.cpp)
D:\GameEngine\Ramjet_Engine\Ramjet_Core\Ramjet_Core\Core\Utils\Log.h(163): message :  see reference to function template instantiation 'void Logs::Internal::print_log_internal<_Ty,_Ty>(char *,int &,First &&,_Ty &&)' being compiled
D:\GameEngine\Ramjet_Engine\Ramjet_Core\Ramjet_Core\Core\Utils\Log.h(163): message :         with
D:\GameEngine\Ramjet_Engine\Ramjet_Core\Ramjet_Core\Core\Utils\Log.h(163): message :         [
D:\GameEngine\Ramjet_Engine\Ramjet_Core\Ramjet_Core\Core\Utils\Log.h(163): message :             _Ty=const char *,
D:\GameEngine\Ramjet_Engine\Ramjet_Core\Ramjet_Core\Core\Utils\Log.h(163): message :             First=const char *
D:\GameEngine\Ramjet_Engine\Ramjet_Core\Ramjet_Core\Core\Utils\Log.h(163): message :         ] (compiling source file Core\Rendering\Renderer\Font\Font.cpp)
D:\GameEngine\Ramjet_Engine\Ramjet_Core\Ramjet_Core\Core\Rendering\Renderer\Font\Font.cpp(16): message :  see reference to function template instantiation 'void Logs::Internal::log_message<const char*,const char*>(int,bool,const char *,const char *)' being compiled
D:\GameEngine\Ramjet_Engine\Ramjet_Core\Ramjet_Core\Core\Utils\Log.h(140,1): warning C4267:  'initializing': conversion from 'size_t' to 'int', possible loss of data (compiling source file Core\Rendering\Renderer\Font\Font.cpp)
D:\GameEngine\Ramjet_Engine\Ramjet_Core\Ramjet_Core\Core\Utils\Log.h(163): message :  see reference to function template instantiation 'void Logs::Internal::print_log_internal<_Ty>(char *,int &,First &&)' being compiled
D:\GameEngine\Ramjet_Engine\Ramjet_Core\Ramjet_Core\Core\Utils\Log.h(163): message :         with
D:\GameEngine\Ramjet_Engine\Ramjet_Core\Ramjet_Core\Core\Utils\Log.h(163): message :         [
D:\GameEngine\Ramjet_Engine\Ramjet_Core\Ramjet_Core\Core\Utils\Log.h(163): message :             _Ty=const char *,
D:\GameEngine\Ramjet_Engine\Ramjet_Core\Ramjet_Core\Core\Utils\Log.h(163): message :             First=const char *
D:\GameEngine\Ramjet_Engine\Ramjet_Core\Ramjet_Core\Core\Utils\Log.h(163): message :         ] (compiling source file Core\Rendering\Renderer\Font\Font.cpp)
  AABB.cpp
D:\GameEngine\Ramjet_Engine\Ramjet_Core\Ramjet_Core\Core\Rendering\Renderer\Font\Font.cpp(16): message :  see reference to function template instantiation 'void Logs::Internal::log_message<const char*>(int,bool,const char *)' being compiled
D:\GameEngine\Ramjet_Engine\Ramjet_Core\Ramjet_Core\Core\Rendering\Platform\OpenGL\CoreOpenGLRender.inl(197,93): warning C4312:  'type cast': conversion from 'uint' to 'const GLvoid *' of greater size (compiling source file Core\Rendering\Renderer\Layers\Layer.cpp)
D:\GameEngine\Ramjet_Engine\Ramjet_Core\Ramjet_Core\Core\Rendering\Platform\OpenGL\CoreOpenGLRender.inl(197,93): warning C4312:  'type cast': conversion from 'uint' to 'const GLvoid *' of greater size (compiling source file Core\Rendering\Renderer\Layers\Layer2D.cpp)
D:\GameEngine\Ramjet_Engine\Ramjet_Core\Ramjet_Core\Core\Rendering\Renderer\Renderable2D.h(64,12): warning C4244:  'initializing': conversion from 'float' to 'uint', possible loss of data (compiling source file Core\Rendering\Renderer\Layers\Layer2D.cpp)
D:\GameEngine\Ramjet_Engine\Ramjet_Core\Ramjet_Core\Core\Rendering\Renderer\Renderable2D.h(65,12): warning C4244:  'initializing': conversion from 'float' to 'uint', possible loss of data (compiling source file Core\Rendering\Renderer\Layers\Layer2D.cpp)
D:\GameEngine\Ramjet_Engine\Ramjet_Core\Ramjet_Core\Core\Rendering\Renderer\Renderable2D.h(66,12): warning C4244:  'initializing': conversion from 'float' to 'uint', possible loss of data (compiling source file Core\Rendering\Renderer\Layers\Layer2D.cpp)
D:\GameEngine\Ramjet_Engine\Ramjet_Core\Ramjet_Core\Core\Rendering\Renderer\Renderable2D.h(67,12): warning C4244:  'initializing': conversion from 'float' to 'uint', possible loss of data (compiling source file Core\Rendering\Renderer\Layers\Layer2D.cpp)
D:\GameEngine\Ramjet_Engine\Ramjet_Core\Ramjet_Core\Core\Rendering\Platform\OpenGL\CoreOpenGLRender.inl(197,93): warning C4312:  'type cast': conversion from 'uint' to 'const GLvoid *' of greater size (compiling source file Core\Rendering\Renderer\Layers\Layer3D.cpp)
  Quaternion.cpp
D:\GameEngine\Ramjet_Engine\Ramjet_Core\Ramjet_Core\Core\Rendering\Platform\OpenGL\CoreOpenGLRender.inl(197,93): warning C4312:  'type cast': conversion from 'uint' to 'const GLvoid *' of greater size (compiling source file Core\Rendering\Renderer\Models\Model.cpp)
D:\GameEngine\Ramjet_Engine\Ramjet_Core\Ramjet_Core\Core\Rendering\Platform\OpenGL\CoreOpenGLRender.inl(197,93): warning C4312:  'type cast': conversion from 'uint' to 'const GLvoid *' of greater size (compiling source file Core\Rendering\Renderer\PostFX\PostFXPass.cpp)
D:\GameEngine\Ramjet_Engine\Ramjet_Core\Ramjet_Core\Core\Rendering\Platform\OpenGL\CoreOpenGLRender.inl(197,93): warning C4312:  'type cast': conversion from 'uint' to 'const GLvoid *' of greater size (compiling source file Core\Rendering\Renderer\PostFX\PostFX.cpp)
D:\GameEngine\Ramjet_Engine\Ramjet_Core\Ramjet_Core\Core\Rendering\Renderer\PostFX\PostFXPass.cpp(24,108): warning C4244:  'argument': conversion from 'uint' to 'float', possible loss of data
D:\GameEngine\Ramjet_Engine\Ramjet_Core\Ramjet_Core\Core\Rendering\Renderer\PostFX\PostFXPass.cpp(24,87): warning C4244:  'argument': conversion from 'uint' to 'float', possible loss of data
D:\GameEngine\Ramjet_Engine\Ramjet_Core\Ramjet_Core\Core\Rendering\Renderer\Shader\Shader.cpp(63,45): warning C4267:  'initializing': conversion from 'size_t' to 'uint', possible loss of data
D:\GameEngine\Ramjet_Engine\Ramjet_Core\Ramjet_Core\Core\Rendering\Renderer\Shader\Shader.cpp(67,44): warning C4267:  'initializing': conversion from 'size_t' to 'uint', possible loss of data
D:\GameEngine\Ramjet_Engine\Ramjet_Core\Ramjet_Core\Core\Rendering\Renderer\Shader\Shader.cpp(68,9): warning C4244:  '=': conversion from '__int64' to 'unsigned int', possible loss of data
D:\GameEngine\Ramjet_Engine\Ramjet_Core\Ramjet_Core\Core\Rendering\Renderer\Shader\Shader.cpp(122,5): warning C4244:  '=': conversion from '__int64' to 'unsigned int', possible loss of data
D:\GameEngine\Ramjet_Engine\Ramjet_Core\Ramjet_Core\Core\Rendering\Renderer\Shader\Shader.cpp(141,5): warning C4244:  '=': conversion from '__int64' to 'unsigned int', possible loss of data
D:\GameEngine\Ramjet_Engine\Ramjet_Core\Ramjet_Core\Core\Rendering\Renderer\Shader\Shader.cpp(299,5): warning C4244:  '=': conversion from '__int64' to 'unsigned int', possible loss of data
D:\GameEngine\Ramjet_Engine\Ramjet_Core\Ramjet_Core\Core\Rendering\Renderer\Models\Model.cpp(104,66): warning C4267:  'argument': conversion from 'size_t' to 'uint', possible loss of data
  Rectangle.cpp
  mat4.cpp
D:\GameEngine\Ramjet_Engine\Ramjet_Core\Ramjet_Core\Core\Rendering\Renderer\Models\Model.cpp(114,66): warning C4267:  'argument': conversion from 'size_t' to 'uint', possible loss of data
  vec2.cpp
D:\GameEngine\Ramjet_Engine\Ramjet_Core\Ramjet_Core\Core\Rendering\Platform\OpenGL\CoreOpenGLRender.inl(197,93): warning C4312:  'type cast': conversion from 'uint' to 'const GLvoid *' of greater size (compiling source file Core\Rendering\Renderer\Texture\Texture.cpp)
D:\GameEngine\Ramjet_Engine\Ramjet_Core\Ramjet_Core\Core\Utils\Log.h(149,1): warning C4267:  'initializing': conversion from 'size_t' to 'int', possible loss of data (compiling source file Core\Rendering\Renderer\Shader\Shader.cpp)
D:\GameEngine\Ramjet_Engine\Ramjet_Core\Ramjet_Core\Core\Utils\Log.h(163): message :  see reference to function template instantiation 'void Logs::Internal::print_log_internal<_Ty,_Ty>(char *,int &,First &&,_Ty &&)' being compiled
D:\GameEngine\Ramjet_Engine\Ramjet_Core\Ramjet_Core\Core\Utils\Log.h(163): message :         with
D:\GameEngine\Ramjet_Engine\Ramjet_Core\Ramjet_Core\Core\Utils\Log.h(163): message :         [
D:\GameEngine\Ramjet_Engine\Ramjet_Core\Ramjet_Core\Core\Utils\Log.h(163): message :             _Ty=const char *,
D:\GameEngine\Ramjet_Engine\Ramjet_Core\Ramjet_Core\Core\Utils\Log.h(163): message :             First=const char *
D:\GameEngine\Ramjet_Engine\Ramjet_Core\Ramjet_Core\Core\Utils\Log.h(163): message :         ] (compiling source file Core\Rendering\Renderer\Shader\Shader.cpp)
D:\GameEngine\Ramjet_Engine\Ramjet_Core\Ramjet_Core\Core\Rendering\Renderer\Shader\Shader.cpp(68): message :  see reference to function template instantiation 'void Logs::Internal::log_message<const char*,const char*>(int,bool,const char *,const char *)' being compiled
D:\GameEngine\Ramjet_Engine\Ramjet_Core\Ramjet_Core\Core\Utils\Log.h(140,1): warning C4267:  'initializing': conversion from 'size_t' to 'int', possible loss of data (compiling source file Core\Rendering\Renderer\Shader\Shader.cpp)
D:\GameEngine\Ramjet_Engine\Ramjet_Core\Ramjet_Core\Core\Utils\Log.h(163): message :  see reference to function template instantiation 'void Logs::Internal::print_log_internal<_Ty>(char *,int &,First &&)' being compiled
D:\GameEngine\Ramjet_Engine\Ramjet_Core\Ramjet_Core\Core\Utils\Log.h(163): message :         with
D:\GameEngine\Ramjet_Engine\Ramjet_Core\Ramjet_Core\Core\Utils\Log.h(163): message :         [
D:\GameEngine\Ramjet_Engine\Ramjet_Core\Ramjet_Core\Core\Utils\Log.h(163): message :             _Ty=const char *,
D:\GameEngine\Ramjet_Engine\Ramjet_Core\Ramjet_Core\Core\Utils\Log.h(163): message :             First=const char *
D:\GameEngine\Ramjet_Engine\Ramjet_Core\Ramjet_Core\Core\Utils\Log.h(163): message :         ] (compiling source file Core\Rendering\Renderer\Shader\Shader.cpp)
  vec3.cpp
D:\GameEngine\Ramjet_Engine\Ramjet_Core\Ramjet_Core\Core\Rendering\Renderer\Shader\Shader.cpp(68): message :  see reference to function template instantiation 'void Logs::Internal::log_message<const char*>(int,bool,const char *)' being compiled
D:\GameEngine\Ramjet_Engine\Ramjet_Core\Ramjet_Core\Core\Utils\Log.h(149,1): warning C4267:  'initializing': conversion from 'size_t' to 'int', possible loss of data (compiling source file Core\Rendering\Renderer\Models\Model.cpp)
D:\GameEngine\Ramjet_Engine\Ramjet_Core\Ramjet_Core\Core\Utils\Log.h(163): message :  see reference to function template instantiation 'void Logs::Internal::print_log_internal<_Ty,_Ty,_Ty,_Ty>(char *,int &,First &&,_Ty &&,_Ty &&,_Ty &&)' being compiled
D:\GameEngine\Ramjet_Engine\Ramjet_Core\Ramjet_Core\Core\Utils\Log.h(163): message :         with
D:\GameEngine\Ramjet_Engine\Ramjet_Core\Ramjet_Core\Core\Utils\Log.h(163): message :         [
D:\GameEngine\Ramjet_Engine\Ramjet_Core\Ramjet_Core\Core\Utils\Log.h(163): message :             _Ty=const char *,
D:\GameEngine\Ramjet_Engine\Ramjet_Core\Ramjet_Core\Core\Utils\Log.h(163): message :             First=const char *
D:\GameEngine\Ramjet_Engine\Ramjet_Core\Ramjet_Core\Core\Utils\Log.h(163): message :         ] (compiling source file Core\Rendering\Renderer\Models\Model.cpp)
  vec4.cpp
D:\GameEngine\Ramjet_Engine\Ramjet_Core\Ramjet_Core\Core\Rendering\Renderer\Models\Model.cpp(39): message :  see reference to function template instantiation 'void Logs::Internal::log_message<const char*,const char*,const _Elem*,const char*>(int,bool,const char *,const char *,const _Elem *,const char *)' being compiled
D:\GameEngine\Ramjet_Engine\Ramjet_Core\Ramjet_Core\Core\Rendering\Renderer\Models\Model.cpp(39): message :         with
D:\GameEngine\Ramjet_Engine\Ramjet_Core\Ramjet_Core\Core\Rendering\Renderer\Models\Model.cpp(39): message :         [
D:\GameEngine\Ramjet_Engine\Ramjet_Core\Ramjet_Core\Core\Rendering\Renderer\Models\Model.cpp(39): message :             _Elem=char
D:\GameEngine\Ramjet_Engine\Ramjet_Core\Ramjet_Core\Core\Rendering\Renderer\Models\Model.cpp(39): message :         ]
D:\GameEngine\Ramjet_Engine\Ramjet_Core\Ramjet_Core\Core\Utils\Log.h(140,1): warning C4267:  'initializing': conversion from 'size_t' to 'int', possible loss of data (compiling source file Core\Rendering\Renderer\Models\Model.cpp)
D:\GameEngine\Ramjet_Engine\Ramjet_Core\Ramjet_Core\Core\Utils\Log.h(154): message :  see reference to function template instantiation 'void Logs::Internal::print_log_internal<_Ty>(char *,int &,First &&)' being compiled
D:\GameEngine\Ramjet_Engine\Ramjet_Core\Ramjet_Core\Core\Utils\Log.h(154): message :         with
D:\GameEngine\Ramjet_Engine\Ramjet_Core\Ramjet_Core\Core\Utils\Log.h(154): message :         [
D:\GameEngine\Ramjet_Engine\Ramjet_Core\Ramjet_Core\Core\Utils\Log.h(154): message :             _Ty=const char *,
D:\GameEngine\Ramjet_Engine\Ramjet_Core\Ramjet_Core\Core\Utils\Log.h(154): message :             First=const char *
D:\GameEngine\Ramjet_Engine\Ramjet_Core\Ramjet_Core\Core\Utils\Log.h(154): message :         ] (compiling source file Core\Rendering\Renderer\Models\Model.cpp)
D:\GameEngine\Ramjet_Engine\Ramjet_Core\Ramjet_Core\Core\Utils\Log.h(154): message :  see reference to function template instantiation 'void Logs::Internal::print_log_internal<_Ty,_Ty>(char *,int &,First &&,_Ty &&)' being compiled
D:\GameEngine\Ramjet_Engine\Ramjet_Core\Ramjet_Core\Core\Utils\Log.h(154): message :         with
D:\GameEngine\Ramjet_Engine\Ramjet_Core\Ramjet_Core\Core\Utils\Log.h(154): message :         [
D:\GameEngine\Ramjet_Engine\Ramjet_Core\Ramjet_Core\Core\Utils\Log.h(154): message :             _Ty=const char *,
D:\GameEngine\Ramjet_Engine\Ramjet_Core\Ramjet_Core\Core\Utils\Log.h(154): message :             First=const char *
D:\GameEngine\Ramjet_Engine\Ramjet_Core\Ramjet_Core\Core\Utils\Log.h(154): message :         ] (compiling source file Core\Rendering\Renderer\Models\Model.cpp)
D:\GameEngine\Ramjet_Engine\Ramjet_Core\Ramjet_Core\Core\Utils\Log.h(149,1): warning C4267:  'initializing': conversion from 'size_t' to 'int', possible loss of data (compiling source file Core\Rendering\Renderer\Texture\Texture.cpp)
D:\GameEngine\Ramjet_Engine\Ramjet_Core\Ramjet_Core\Core\Utils\Log.h(163): message :  see reference to function template instantiation 'void Logs::Internal::print_log_internal<_Ty,_Ty,unsigned int,_Ty,_Ty,_Ty>(char *,int &,First &&,_Ty &&,unsigned int &&,_Ty &&,_Ty &&,_Ty &&)' being compiled
D:\GameEngine\Ramjet_Engine\Ramjet_Core\Ramjet_Core\Core\Utils\Log.h(163): message :         with
D:\GameEngine\Ramjet_Engine\Ramjet_Core\Ramjet_Core\Core\Utils\Log.h(163): message :         [
D:\GameEngine\Ramjet_Engine\Ramjet_Core\Ramjet_Core\Core\Utils\Log.h(163): message :             _Ty=const char *,
D:\GameEngine\Ramjet_Engine\Ramjet_Core\Ramjet_Core\Core\Utils\Log.h(163): message :             First=const char *
D:\GameEngine\Ramjet_Engine\Ramjet_Core\Ramjet_Core\Core\Utils\Log.h(163): message :         ] (compiling source file Core\Rendering\Renderer\Texture\Texture.cpp)
D:\GameEngine\Ramjet_Engine\Ramjet_Core\Ramjet_Core\Core\Rendering\Renderer\Texture\Texture.cpp(70): message :  see reference to function template instantiation 'void Logs::Internal::log_message<const char*,const char*,unsigned int,const char*,const _Elem*,const char*>(int,bool,const char *,const char *,unsigned int,const char *,const _Elem *,const char *)' being compiled
D:\GameEngine\Ramjet_Engine\Ramjet_Core\Ramjet_Core\Core\Rendering\Renderer\Texture\Texture.cpp(70): message :         with
D:\GameEngine\Ramjet_Engine\Ramjet_Core\Ramjet_Core\Core\Rendering\Renderer\Texture\Texture.cpp(70): message :         [
D:\GameEngine\Ramjet_Engine\Ramjet_Core\Ramjet_Core\Core\Rendering\Renderer\Texture\Texture.cpp(70): message :             _Elem=char
D:\GameEngine\Ramjet_Engine\Ramjet_Core\Ramjet_Core\Core\Rendering\Renderer\Texture\Texture.cpp(70): message :         ]
D:\GameEngine\Ramjet_Engine\Ramjet_Core\Ramjet_Core\Core\Utils\Log.h(140,1): warning C4267:  'initializing': conversion from 'size_t' to 'int', possible loss of data (compiling source file Core\Rendering\Renderer\Texture\Texture.cpp)
D:\GameEngine\Ramjet_Engine\Ramjet_Core\Ramjet_Core\Core\Utils\Log.h(154): message :  see reference to function template instantiation 'void Logs::Internal::print_log_internal<_Ty>(char *,int &,First &&)' being compiled
D:\GameEngine\Ramjet_Engine\Ramjet_Core\Ramjet_Core\Core\Utils\Log.h(154): message :         with
D:\GameEngine\Ramjet_Engine\Ramjet_Core\Ramjet_Core\Core\Utils\Log.h(154): message :         [
D:\GameEngine\Ramjet_Engine\Ramjet_Core\Ramjet_Core\Core\Utils\Log.h(154): message :             _Ty=const char *,
D:\GameEngine\Ramjet_Engine\Ramjet_Core\Ramjet_Core\Core\Utils\Log.h(154): message :             First=const char *
D:\GameEngine\Ramjet_Engine\Ramjet_Core\Ramjet_Core\Core\Utils\Log.h(154): message :         ] (compiling source file Core\Rendering\Renderer\Texture\Texture.cpp)
D:\GameEngine\Ramjet_Engine\Ramjet_Core\Ramjet_Core\Core\Utils\Log.h(154): message :  see reference to function template instantiation 'void Logs::Internal::print_log_internal<_Ty,_Ty>(char *,int &,First &&,_Ty &&)' being compiled
D:\GameEngine\Ramjet_Engine\Ramjet_Core\Ramjet_Core\Core\Utils\Log.h(154): message :         with
D:\GameEngine\Ramjet_Engine\Ramjet_Core\Ramjet_Core\Core\Utils\Log.h(154): message :         [
D:\GameEngine\Ramjet_Engine\Ramjet_Core\Ramjet_Core\Core\Utils\Log.h(154): message :             _Ty=const char *,
D:\GameEngine\Ramjet_Engine\Ramjet_Core\Ramjet_Core\Core\Utils\Log.h(154): message :             First=const char *
D:\GameEngine\Ramjet_Engine\Ramjet_Core\Ramjet_Core\Core\Utils\Log.h(154): message :         ] (compiling source file Core\Rendering\Renderer\Texture\Texture.cpp)
D:\GameEngine\Ramjet_Engine\Ramjet_Core\Ramjet_Core\Core\Utils\Fileutils.cpp(9,4): warning C4244:  '=': conversion from '__int64' to 'unsigned int', possible loss of data
D:\GameEngine\Ramjet_Engine\Ramjet_Core\Ramjet_Core\Core\Rendering\Platform\OpenGL\CoreOpenGLRender.inl(197,93): warning C4312:  'type cast': conversion from 'uint' to 'const GLvoid *' of greater size (compiling source file Core\Rendering\Scene\Scene.cpp)
D:\GameEngine\Ramjet_Engine\Ramjet_Core\Ramjet_Core\Core\Rendering\Scene\Scene.cpp(68,7): warning C4244:  '=': conversion from '__int64' to 'unsigned int', possible loss of data
D:\GameEngine\Ramjet_Engine\Ramjet_Core\Ramjet_Core\Core\Utils\Log.h(149,1): warning C4267:  'initializing': conversion from 'size_t' to 'int', possible loss of data (compiling source file Core\Utils\Fileutils.cpp)
D:\GameEngine\Ramjet_Engine\Ramjet_Core\Ramjet_Core\Core\Utils\Log.h(163): message :  see reference to function template instantiation 'void Logs::Internal::print_log_internal<_Ty,_Ty>(char *,int &,First &&,_Ty &&)' being compiled
D:\GameEngine\Ramjet_Engine\Ramjet_Core\Ramjet_Core\Core\Utils\Log.h(163): message :         with
D:\GameEngine\Ramjet_Engine\Ramjet_Core\Ramjet_Core\Core\Utils\Log.h(163): message :         [
D:\GameEngine\Ramjet_Engine\Ramjet_Core\Ramjet_Core\Core\Utils\Log.h(163): message :             _Ty=const char *,
D:\GameEngine\Ramjet_Engine\Ramjet_Core\Ramjet_Core\Core\Utils\Log.h(163): message :             First=const char *
D:\GameEngine\Ramjet_Engine\Ramjet_Core\Ramjet_Core\Core\Utils\Log.h(163): message :         ] (compiling source file Core\Utils\Fileutils.cpp)
D:\GameEngine\Ramjet_Engine\Ramjet_Core\Ramjet_Core\Core\Utils\Fileutils.cpp(9): message :  see reference to function template instantiation 'void Logs::Internal::log_message<const char*,const char*>(int,bool,const char *,const char *)' being compiled
D:\GameEngine\Ramjet_Engine\Ramjet_Core\Ramjet_Core\Core\Utils\Log.h(140,1): warning C4267:  'initializing': conversion from 'size_t' to 'int', possible loss of data (compiling source file Core\Utils\Fileutils.cpp)
D:\GameEngine\Ramjet_Engine\Ramjet_Core\Ramjet_Core\Core\Utils\Log.h(163): message :  see reference to function template instantiation 'void Logs::Internal::print_log_internal<_Ty>(char *,int &,First &&)' being compiled
D:\GameEngine\Ramjet_Engine\Ramjet_Core\Ramjet_Core\Core\Utils\Log.h(163): message :         with
D:\GameEngine\Ramjet_Engine\Ramjet_Core\Ramjet_Core\Core\Utils\Log.h(163): message :         [
D:\GameEngine\Ramjet_Engine\Ramjet_Core\Ramjet_Core\Core\Utils\Log.h(163): message :             _Ty=const char *,
D:\GameEngine\Ramjet_Engine\Ramjet_Core\Ramjet_Core\Core\Utils\Log.h(163): message :             First=const char *
D:\GameEngine\Ramjet_Engine\Ramjet_Core\Ramjet_Core\Core\Utils\Log.h(163): message :         ] (compiling source file Core\Utils\Fileutils.cpp)
D:\GameEngine\Ramjet_Engine\Ramjet_Core\Ramjet_Core\Core\Utils\Fileutils.cpp(9): message :  see reference to function template instantiation 'void Logs::Internal::log_message<const char*>(int,bool,const char *)' being compiled
D:\GameEngine\Ramjet_Engine\Ramjet_Core\Ramjet_Core\Core\Utils\Log.h(149,1): warning C4267:  'initializing': conversion from 'size_t' to 'int', possible loss of data (compiling source file Core\Rendering\Scene\Scene.cpp)
D:\GameEngine\Ramjet_Engine\Ramjet_Core\Ramjet_Core\Core\Utils\Log.h(163): message :  see reference to function template instantiation 'void Logs::Internal::print_log_internal<_Ty,_Ty>(char *,int &,First &&,_Ty &&)' being compiled
D:\GameEngine\Ramjet_Engine\Ramjet_Core\Ramjet_Core\Core\Utils\Log.h(163): message :         with
D:\GameEngine\Ramjet_Engine\Ramjet_Core\Ramjet_Core\Core\Utils\Log.h(163): message :         [
D:\GameEngine\Ramjet_Engine\Ramjet_Core\Ramjet_Core\Core\Utils\Log.h(163): message :             _Ty=const char *,
D:\GameEngine\Ramjet_Engine\Ramjet_Core\Ramjet_Core\Core\Utils\Log.h(163): message :             First=const char *
D:\GameEngine\Ramjet_Engine\Ramjet_Core\Ramjet_Core\Core\Utils\Log.h(163): message :         ] (compiling source file Core\Rendering\Scene\Scene.cpp)
D:\GameEngine\Ramjet_Engine\Ramjet_Core\Ramjet_Core\Core\Rendering\Scene\Scene.cpp(38): message :  see reference to function template instantiation 'void Logs::Internal::log_message<const char*,const char*>(int,bool,const char *,const char *)' being compiled
D:\GameEngine\Ramjet_Engine\Ramjet_Core\Ramjet_Core\Core\Utils\Log.h(140,1): warning C4267:  'initializing': conversion from 'size_t' to 'int', possible loss of data (compiling source file Core\Rendering\Scene\Scene.cpp)
D:\GameEngine\Ramjet_Engine\Ramjet_Core\Ramjet_Core\Core\Utils\Log.h(163): message :  see reference to function template instantiation 'void Logs::Internal::print_log_internal<_Ty>(char *,int &,First &&)' being compiled
D:\GameEngine\Ramjet_Engine\Ramjet_Core\Ramjet_Core\Core\Utils\Log.h(163): message :         with
D:\GameEngine\Ramjet_Engine\Ramjet_Core\Ramjet_Core\Core\Utils\Log.h(163): message :         [
D:\GameEngine\Ramjet_Engine\Ramjet_Core\Ramjet_Core\Core\Utils\Log.h(163): message :             _Ty=const char *,
D:\GameEngine\Ramjet_Engine\Ramjet_Core\Ramjet_Core\Core\Utils\Log.h(163): message :             First=const char *
D:\GameEngine\Ramjet_Engine\Ramjet_Core\Ramjet_Core\Core\Utils\Log.h(163): message :         ] (compiling source file Core\Rendering\Scene\Scene.cpp)
D:\GameEngine\Ramjet_Engine\Ramjet_Core\Ramjet_Core\Core\Rendering\Scene\Scene.cpp(68): message :  see reference to function template instantiation 'void Logs::Internal::log_message<const char*>(int,bool,const char *)' being compiled
Win64Timer.obj : warning LNK4006: "public: __cdecl Utils::Timer::Timer(void)" (??0Timer@Utils@@QEAA@XZ) already defined in Win64Timer.obj; second definition ignored
Win64Timer.obj : warning LNK4006: "public: void __cdecl Utils::Timer::reset(void)" (?reset@Timer@Utils@@QEAAXXZ) already defined in Win64Timer.obj; second definition ignored
Win64Timer.obj : warning LNK4006: "public: float __cdecl Utils::Timer::elapsed(void)" (?elapsed@Timer@Utils@@QEAAMXZ) already defined in Win64Timer.obj; second definition ignored
  Ramjet_Core.vcxproj -> D:\GameEngine\Ramjet_Engine\Ramjet_Core\bin\Debug\x64\Ramjet_Core.lib
